<?xml version="1.0" encoding="UTF-8"?>
<!-- Generated by org.testng.reporters.JUnitReportReporter -->
<testsuite name="com.debarnab.jsonExtraction.jsonExtracting_1" tests="2" time="0.088" ignored="0" failures="0" timestamp="25 Feb 2017 14:58:18 GMT" skipped="0" hostname="LAPTOP-MKHIF20I" errors="0">
  <testcase name="try1" time="0.052" classname="com.debarnab.jsonExtraction.jsonExtracting_1"/>
  <testcase name="try2" time="0.036" classname="com.debarnab.jsonExtraction.jsonExtracting_1"/>
</testsuite> <!-- com.debarnab.jsonExtraction.jsonExtracting_1 -->
