<?xml version="1.0" encoding="UTF-8"?>
<!-- Generated by org.testng.reporters.JUnitReportReporter -->
<testsuite name="com.debarnab.jsonExtraction.jsonTesting" tests="1" time="0.037" ignored="0" failures="0" timestamp="25 Feb 2017 20:10:42 GMT" skipped="0" hostname="LAPTOP-MKHIF20I" errors="0">
  <testcase name="testCase" time="0.037" classname="com.debarnab.jsonExtraction.jsonTesting"/>
</testsuite> <!-- com.debarnab.jsonExtraction.jsonTesting -->
