<?xml version="1.0" encoding="UTF-8"?>
<!-- Generated by org.testng.reporters.JUnitReportReporter -->
<testsuite name="com.debarnab.restAssured.Testing.wunderList_restAPITesting" tests="8" time="6.443" ignored="0" failures="0" timestamp="28 Feb 2017 18:16:50 GMT" skipped="0" hostname="LAPTOP-MKHIF20I" errors="0">
  <testcase name="getAllList" time="0.623" classname="com.debarnab.restAssured.Testing.wunderList_restAPITesting"/>
  <testcase name="verifyAddedList" time="0.455" classname="com.debarnab.restAssured.Testing.wunderList_restAPITesting"/>
  <testcase name="createList" time="1.038" classname="com.debarnab.restAssured.Testing.wunderList_restAPITesting"/>
  <testcase name="deleteAList" time="0.403" classname="com.debarnab.restAssured.Testing.wunderList_restAPITesting"/>
  <testcase name="authTestCase" time="3.100" classname="com.debarnab.restAssured.Testing.wunderList_restAPITesting"/>
  <testcase name="updateAList" time="0.001" classname="com.debarnab.restAssured.Testing.wunderList_restAPITesting"/>
  <testcase name="validateDeletedList" time="0.440" classname="com.debarnab.restAssured.Testing.wunderList_restAPITesting"/>
  <testcase name="queryASpecificList" time="0.383" classname="com.debarnab.restAssured.Testing.wunderList_restAPITesting"/>
</testsuite> <!-- com.debarnab.restAssured.Testing.wunderList_restAPITesting -->
