<?xml version="1.0" encoding="UTF-8"?>
<!-- Generated by org.testng.reporters.JUnitReportReporter -->
<testsuite name="com.debarnab.restAssured.Testing.wunderList_restAPITesting" tests="8" time="8.097" ignored="0" failures="0" timestamp="25 Feb 2017 16:21:38 GMT" skipped="0" hostname="LAPTOP-MKHIF20I" errors="0">
  <testcase name="authTestCase" time="4.554" classname="com.debarnab.restAssured.Testing.wunderList_restAPITesting"/>
  <testcase name="deleteAList" time="0.438" classname="com.debarnab.restAssured.Testing.wunderList_restAPITesting"/>
  <testcase name="verifyAddedList" time="0.501" classname="com.debarnab.restAssured.Testing.wunderList_restAPITesting"/>
  <testcase name="validateDeletedList" time="0.443" classname="com.debarnab.restAssured.Testing.wunderList_restAPITesting"/>
  <testcase name="getAllList" time="0.604" classname="com.debarnab.restAssured.Testing.wunderList_restAPITesting"/>
  <testcase name="createList" time="1.185" classname="com.debarnab.restAssured.Testing.wunderList_restAPITesting"/>
  <testcase name="updateAList" time="0.000" classname="com.debarnab.restAssured.Testing.wunderList_restAPITesting"/>
  <testcase name="queryASpecificList" time="0.372" classname="com.debarnab.restAssured.Testing.wunderList_restAPITesting"/>
</testsuite> <!-- com.debarnab.restAssured.Testing.wunderList_restAPITesting -->
